[debug] ----------------------------------------------------------------------
[debug] Command:      /usr/local/bin/node /usr/local/bin/firebase init
[debug] Platform:     darwin
[debug] Node Version: v4.2.2
[debug] Time:         Fri Nov 04 2016 14:27:13 GMT-0700 (PDT)
[debug] ----------------------------------------------------------------------
[debug] 
[warn] ⚠  Initializing in a directory with 28 files
[warn] 
[debug] >>> HTTP REQUEST GET https://admin.firebase.com/account?token=XXX 
[debug] <<< HTTP RESPONSE 200
[debug] ----------------------------------------------------------------------
[debug] Command:      /usr/local/bin/node /usr/local/bin/firebase init
[debug] Platform:     darwin
[debug] Node Version: v4.2.2
[debug] Time:         Fri Nov 04 2016 14:27:31 GMT-0700 (PDT)
[debug] ----------------------------------------------------------------------
[debug] 
[warn] ⚠  Initializing in a directory with 28 files
[warn] 
[debug] >>> HTTP REQUEST GET https://admin.firebase.com/account?token=XXX 
[debug] <<< HTTP RESPONSE 200
